2019-12-05 11:44:29.884 -ERROR  [           main] c.x.d.LogDemo                  : cscscscscscs
2019-12-05 13:06:06.238 -ERROR  [           main] c.x.d.LogDemo                  : cscscscscscs
2019-12-05 13:08:29.185 -ERROR  [           main] c.x.d.LogDemo                  : cscscscscscs
2019-12-05 13:10:51.824 - WARN  [           main] c.x.d.LogDemo                  : cscscscscscs
2019-12-05 13:13:09.040 - INFO  [           main] c.x.d.LogDemo                  : cscscscscscs
2019-12-05 20:31:53.667 - INFO  [           main] o.s.b.StartupInfoLogger        : Starting ManageApplication on xiongwb with PID 6524 (F:\eclipse\workspace\record\record_manage\target\classes started by xiongwb in F:\eclipse\workspace\record\record_manage)
2019-12-05 20:31:53.670 - INFO  [           main] o.s.b.SpringApplication        : No active profile set, falling back to default profiles: default
2019-12-05 20:31:53.836 - INFO  [           main] c.s.AbstractApplicationContext : Refreshing org.springframework.boot.context.embedded.AnnotationConfigEmbeddedWebApplicationContext@6ce1f601: startup date [Thu Dec 05 20:31:53 GMT+08:00 2019]; root of context hierarchy
2019-12-05 20:31:53.857 - INFO  [kground-preinit] o.h.v.i.u.Version              : HV000001: Hibernate Validator 5.3.6.Final
2019-12-05 20:31:55.091 - WARN  [           main] o.m.l.Logger                   : No MyBatis mapper was found in '[com.xwb.record]' package. Please check your configuration.
2019-12-05 20:31:57.317 - INFO  [           main] TomcatEmbeddedServletContainer : Tomcat initialized with port(s): 9527 (http)
2019-12-05 20:31:57.334 - INFO  [           main] o.a.j.l.DirectJDKLog           : Starting service [Tomcat]
2019-12-05 20:31:57.336 - INFO  [           main] o.a.j.l.DirectJDKLog           : Starting Servlet Engine: Apache Tomcat/8.5.23
2019-12-05 20:31:57.562 - INFO  [ost-startStop-1] o.a.j.l.DirectJDKLog           : Initializing Spring embedded WebApplicationContext
2019-12-05 20:31:57.564 - INFO  [ost-startStop-1] .EmbeddedWebApplicationContext : Root WebApplicationContext: initialization completed in 3732 ms
2019-12-05 20:31:58.103 - INFO  [ost-startStop-1] .b.w.s.ServletRegistrationBean : Mapping servlet: 'dispatcherServlet' to [/]
2019-12-05 20:31:58.106 - INFO  [ost-startStop-1] .b.w.s.ServletRegistrationBean : Mapping servlet: 'statViewServlet' to [/druid/*]
2019-12-05 20:31:58.118 - INFO  [ost-startStop-1] AbstractFilterRegistrationBean : Mapping filter: 'characterEncodingFilter' to: [/*]
2019-12-05 20:31:58.119 - INFO  [ost-startStop-1] AbstractFilterRegistrationBean : Mapping filter: 'hiddenHttpMethodFilter' to: [/*]
2019-12-05 20:31:58.119 - INFO  [ost-startStop-1] AbstractFilterRegistrationBean : Mapping filter: 'httpPutFormContentFilter' to: [/*]
2019-12-05 20:31:58.119 - INFO  [ost-startStop-1] AbstractFilterRegistrationBean : Mapping filter: 'requestContextFilter' to: [/*]
2019-12-05 20:31:58.119 - INFO  [ost-startStop-1] AbstractFilterRegistrationBean : Mapping filter: 'webStatFilter' to urls: [/*]
2019-12-05 20:31:58.229 - WARN  [           main] c.s.AbstractApplicationContext : Exception encountered during context initialization - cancelling refresh attempt: org.springframework.beans.factory.UnsatisfiedDependencyException: Error creating bean with name 'userController': Unsatisfied dependency expressed through field 'userService'; nested exception is org.springframework.beans.factory.UnsatisfiedDependencyException: Error creating bean with name 'userService': Unsatisfied dependency expressed through field 'userDao'; nested exception is org.springframework.beans.factory.NoSuchBeanDefinitionException: No qualifying bean of type 'com.xwb.record.system.dao.UserDao' available: expected at least 1 bean which qualifies as autowire candidate. Dependency annotations: {@org.springframework.beans.factory.annotation.Autowired(required=true)}
2019-12-05 20:31:58.236 - INFO  [           main] o.a.j.l.DirectJDKLog           : Stopping service [Tomcat]
2019-12-05 20:31:58.501 -ERROR  [           main] LoggingFailureAnalysisReporter : 

***************************
APPLICATION FAILED TO START
***************************

Description:

Field userDao in com.xwb.record.system.service.UserService required a bean of type 'com.xwb.record.system.dao.UserDao' that could not be found.


Action:

Consider defining a bean of type 'com.xwb.record.system.dao.UserDao' in your configuration.

2019-12-05 20:36:49.168 - INFO  [           main] o.s.b.StartupInfoLogger        : Starting ManageApplication on xiongwb with PID 248 (F:\eclipse\workspace\record\record_manage\target\classes started by xiongwb in F:\eclipse\workspace\record\record_manage)
2019-12-05 20:36:49.169 - INFO  [           main] o.s.b.SpringApplication        : No active profile set, falling back to default profiles: default
2019-12-05 20:36:49.299 - INFO  [           main] c.s.AbstractApplicationContext : Refreshing org.springframework.boot.context.embedded.AnnotationConfigEmbeddedWebApplicationContext@4149c063: startup date [Thu Dec 05 20:36:49 GMT+08:00 2019]; root of context hierarchy
2019-12-05 20:36:49.358 - INFO  [kground-preinit] o.h.v.i.u.Version              : HV000001: Hibernate Validator 5.3.6.Final
2019-12-05 20:36:51.976 - INFO  [           main] TomcatEmbeddedServletContainer : Tomcat initialized with port(s): 9527 (http)
2019-12-05 20:36:51.990 - INFO  [           main] o.a.j.l.DirectJDKLog           : Starting service [Tomcat]
2019-12-05 20:36:51.992 - INFO  [           main] o.a.j.l.DirectJDKLog           : Starting Servlet Engine: Apache Tomcat/8.5.23
2019-12-05 20:36:52.137 - INFO  [ost-startStop-1] o.a.j.l.DirectJDKLog           : Initializing Spring embedded WebApplicationContext
2019-12-05 20:36:52.138 - INFO  [ost-startStop-1] .EmbeddedWebApplicationContext : Root WebApplicationContext: initialization completed in 2843 ms
2019-12-05 20:36:52.501 - INFO  [ost-startStop-1] .b.w.s.ServletRegistrationBean : Mapping servlet: 'dispatcherServlet' to [/]
2019-12-05 20:36:52.504 - INFO  [ost-startStop-1] .b.w.s.ServletRegistrationBean : Mapping servlet: 'statViewServlet' to [/druid/*]
2019-12-05 20:36:52.507 - INFO  [ost-startStop-1] AbstractFilterRegistrationBean : Mapping filter: 'characterEncodingFilter' to: [/*]
2019-12-05 20:36:52.508 - INFO  [ost-startStop-1] AbstractFilterRegistrationBean : Mapping filter: 'hiddenHttpMethodFilter' to: [/*]
2019-12-05 20:36:52.508 - INFO  [ost-startStop-1] AbstractFilterRegistrationBean : Mapping filter: 'httpPutFormContentFilter' to: [/*]
2019-12-05 20:36:52.508 - INFO  [ost-startStop-1] AbstractFilterRegistrationBean : Mapping filter: 'requestContextFilter' to: [/*]
2019-12-05 20:36:52.508 - INFO  [ost-startStop-1] AbstractFilterRegistrationBean : Mapping filter: 'webStatFilter' to urls: [/*]
2019-12-05 20:36:52.614 - INFO  [           main] a.DruidDataSourceAutoConfigure : Init DruidDataSource
2019-12-05 20:36:53.505 - INFO  [           main] c.a.d.p.DruidDataSource        : {dataSource-1} inited
2019-12-05 20:36:54.169 - INFO  [           main] a.RequestMappingHandlerAdapter : Looking for @ControllerAdvice: org.springframework.boot.context.embedded.AnnotationConfigEmbeddedWebApplicationContext@4149c063: startup date [Thu Dec 05 20:36:49 GMT+08:00 2019]; root of context hierarchy
2019-12-05 20:36:54.283 - INFO  [           main] rMethodMapping$MappingRegistry : Mapped "{[/sys/userController/getUsers],methods=[GET]}" onto public void com.xwb.record.system.controller.UserController.getUsers()
2019-12-05 20:36:54.289 - INFO  [           main] rMethodMapping$MappingRegistry : Mapped "{[/error]}" onto public org.springframework.http.ResponseEntity<java.util.Map<java.lang.String, java.lang.Object>> org.springframework.boot.autoconfigure.web.BasicErrorController.error(javax.servlet.http.HttpServletRequest)
2019-12-05 20:36:54.290 - INFO  [           main] rMethodMapping$MappingRegistry : Mapped "{[/error],produces=[text/html]}" onto public org.springframework.web.servlet.ModelAndView org.springframework.boot.autoconfigure.web.BasicErrorController.errorHtml(javax.servlet.http.HttpServletRequest,javax.servlet.http.HttpServletResponse)
2019-12-05 20:36:54.348 - INFO  [           main] .s.h.AbstractUrlHandlerMapping : Mapped URL path [/webjars/**] onto handler of type [class org.springframework.web.servlet.resource.ResourceHttpRequestHandler]
2019-12-05 20:36:54.348 - INFO  [           main] .s.h.AbstractUrlHandlerMapping : Mapped URL path [/**] onto handler of type [class org.springframework.web.servlet.resource.ResourceHttpRequestHandler]
2019-12-05 20:36:54.401 - INFO  [           main] .s.h.AbstractUrlHandlerMapping : Mapped URL path [/**/favicon.ico] onto handler of type [class org.springframework.web.servlet.resource.ResourceHttpRequestHandler]
2019-12-05 20:36:54.737 - INFO  [           main] o.s.j.e.MBeanExporter          : Registering beans for JMX exposure on startup
2019-12-05 20:36:54.742 - INFO  [           main] o.s.j.e.MBeanExporter          : Bean with name 'statFilter' has been autodetected for JMX exposure
2019-12-05 20:36:54.743 - INFO  [           main] o.s.j.e.MBeanExporter          : Bean with name 'dataSource' has been autodetected for JMX exposure
2019-12-05 20:36:54.748 - INFO  [           main] o.s.j.e.MBeanExporter          : Located MBean 'dataSource': registering with JMX server as MBean [com.alibaba.druid.spring.boot.autoconfigure:name=dataSource,type=DruidDataSourceWrapper]
2019-12-05 20:36:54.748 - INFO  [           main] o.s.j.e.MBeanExporter          : Located MBean 'statFilter': registering with JMX server as MBean [com.alibaba.druid.filter.stat:name=statFilter,type=StatFilter]
2019-12-05 20:36:54.784 - INFO  [           main] o.a.j.l.DirectJDKLog           : Initializing ProtocolHandler ["http-nio-9527"]
2019-12-05 20:36:54.807 - INFO  [           main] o.a.j.l.DirectJDKLog           : Starting ProtocolHandler ["http-nio-9527"]
2019-12-05 20:36:54.823 - INFO  [           main] o.a.j.l.DirectJDKLog           : Using a shared selector for servlet write/read
2019-12-05 20:36:54.842 - INFO  [           main] TomcatEmbeddedServletContainer : Tomcat started on port(s): 9527 (http)
2019-12-05 20:36:54.849 - INFO  [           main] o.s.b.StartupInfoLogger        : Started ManageApplication in 6.015 seconds (JVM running for 7.062)
2019-12-05 20:37:31.616 - INFO  [nio-9527-exec-1] o.a.j.l.DirectJDKLog           : Initializing Spring FrameworkServlet 'dispatcherServlet'
2019-12-05 20:37:31.616 - INFO  [nio-9527-exec-1] o.s.w.s.FrameworkServlet       : FrameworkServlet 'dispatcherServlet': initialization started
2019-12-05 20:37:31.680 - INFO  [nio-9527-exec-1] o.s.w.s.FrameworkServlet       : FrameworkServlet 'dispatcherServlet': initialization completed in 64 ms
2019-12-05 20:39:47.627 - INFO  [           main] o.s.b.StartupInfoLogger        : Starting ManageApplication on xiongwb with PID 8260 (F:\eclipse\workspace\record\record_manage\target\classes started by xiongwb in F:\eclipse\workspace\record\record_manage)
2019-12-05 20:39:47.631 - INFO  [           main] o.s.b.SpringApplication        : No active profile set, falling back to default profiles: default
2019-12-05 20:39:47.688 - INFO  [           main] c.s.AbstractApplicationContext : Refreshing org.springframework.boot.context.embedded.AnnotationConfigEmbeddedWebApplicationContext@74287ea3: startup date [Thu Dec 05 20:39:47 GMT+08:00 2019]; root of context hierarchy
2019-12-05 20:39:47.792 - INFO  [kground-preinit] o.h.v.i.u.Version              : HV000001: Hibernate Validator 5.3.6.Final
2019-12-05 20:39:49.805 - INFO  [           main] TomcatEmbeddedServletContainer : Tomcat initialized with port(s): 9527 (http)
2019-12-05 20:39:49.816 - INFO  [           main] o.a.j.l.DirectJDKLog           : Starting service [Tomcat]
2019-12-05 20:39:49.818 - INFO  [           main] o.a.j.l.DirectJDKLog           : Starting Servlet Engine: Apache Tomcat/8.5.23
2019-12-05 20:39:49.962 - INFO  [ost-startStop-1] o.a.j.l.DirectJDKLog           : Initializing Spring embedded WebApplicationContext
2019-12-05 20:39:49.962 - INFO  [ost-startStop-1] .EmbeddedWebApplicationContext : Root WebApplicationContext: initialization completed in 2280 ms
2019-12-05 20:39:50.274 - INFO  [ost-startStop-1] .b.w.s.ServletRegistrationBean : Mapping servlet: 'dispatcherServlet' to [/]
2019-12-05 20:39:50.277 - INFO  [ost-startStop-1] .b.w.s.ServletRegistrationBean : Mapping servlet: 'statViewServlet' to [/druid/*]
2019-12-05 20:39:50.280 - INFO  [ost-startStop-1] AbstractFilterRegistrationBean : Mapping filter: 'characterEncodingFilter' to: [/*]
2019-12-05 20:39:50.282 - INFO  [ost-startStop-1] AbstractFilterRegistrationBean : Mapping filter: 'hiddenHttpMethodFilter' to: [/*]
2019-12-05 20:39:50.282 - INFO  [ost-startStop-1] AbstractFilterRegistrationBean : Mapping filter: 'httpPutFormContentFilter' to: [/*]
2019-12-05 20:39:50.282 - INFO  [ost-startStop-1] AbstractFilterRegistrationBean : Mapping filter: 'requestContextFilter' to: [/*]
2019-12-05 20:39:50.284 - INFO  [ost-startStop-1] AbstractFilterRegistrationBean : Mapping filter: 'webStatFilter' to urls: [/*]
2019-12-05 20:39:50.366 - INFO  [           main] a.DruidDataSourceAutoConfigure : Init DruidDataSource
2019-12-05 20:39:50.958 - INFO  [           main] c.a.d.p.DruidDataSource        : {dataSource-1} inited
2019-12-05 20:39:51.522 - INFO  [           main] a.RequestMappingHandlerAdapter : Looking for @ControllerAdvice: org.springframework.boot.context.embedded.AnnotationConfigEmbeddedWebApplicationContext@74287ea3: startup date [Thu Dec 05 20:39:47 GMT+08:00 2019]; root of context hierarchy
2019-12-05 20:39:51.621 - INFO  [           main] rMethodMapping$MappingRegistry : Mapped "{[/sys/userController/getUsers],methods=[GET]}" onto public void com.xwb.record.system.controller.UserController.getUsers()
2019-12-05 20:39:51.630 - INFO  [           main] rMethodMapping$MappingRegistry : Mapped "{[/error]}" onto public org.springframework.http.ResponseEntity<java.util.Map<java.lang.String, java.lang.Object>> org.springframework.boot.autoconfigure.web.BasicErrorController.error(javax.servlet.http.HttpServletRequest)
2019-12-05 20:39:51.636 - INFO  [           main] rMethodMapping$MappingRegistry : Mapped "{[/error],produces=[text/html]}" onto public org.springframework.web.servlet.ModelAndView org.springframework.boot.autoconfigure.web.BasicErrorController.errorHtml(javax.servlet.http.HttpServletRequest,javax.servlet.http.HttpServletResponse)
2019-12-05 20:39:51.672 - INFO  [           main] .s.h.AbstractUrlHandlerMapping : Mapped URL path [/webjars/**] onto handler of type [class org.springframework.web.servlet.resource.ResourceHttpRequestHandler]
2019-12-05 20:39:51.672 - INFO  [           main] .s.h.AbstractUrlHandlerMapping : Mapped URL path [/**] onto handler of type [class org.springframework.web.servlet.resource.ResourceHttpRequestHandler]
2019-12-05 20:39:51.710 - INFO  [           main] .s.h.AbstractUrlHandlerMapping : Mapped URL path [/**/favicon.ico] onto handler of type [class org.springframework.web.servlet.resource.ResourceHttpRequestHandler]
2019-12-05 20:39:51.931 - INFO  [           main] o.s.j.e.MBeanExporter          : Registering beans for JMX exposure on startup
2019-12-05 20:39:51.932 - INFO  [           main] o.s.j.e.MBeanExporter          : Bean with name 'statFilter' has been autodetected for JMX exposure
2019-12-05 20:39:51.934 - INFO  [           main] o.s.j.e.MBeanExporter          : Bean with name 'dataSource' has been autodetected for JMX exposure
2019-12-05 20:39:51.937 - INFO  [           main] o.s.j.e.MBeanExporter          : Located MBean 'dataSource': registering with JMX server as MBean [com.alibaba.druid.spring.boot.autoconfigure:name=dataSource,type=DruidDataSourceWrapper]
2019-12-05 20:39:51.938 - INFO  [           main] o.s.j.e.MBeanExporter          : Located MBean 'statFilter': registering with JMX server as MBean [com.alibaba.druid.filter.stat:name=statFilter,type=StatFilter]
2019-12-05 20:39:51.951 - INFO  [           main] o.a.j.l.DirectJDKLog           : Initializing ProtocolHandler ["http-nio-9527"]
2019-12-05 20:39:51.963 - INFO  [           main] o.a.j.l.DirectJDKLog           : Starting ProtocolHandler ["http-nio-9527"]
2019-12-05 20:39:51.977 - INFO  [           main] o.a.j.l.DirectJDKLog           : Using a shared selector for servlet write/read
2019-12-05 20:39:51.997 - INFO  [           main] TomcatEmbeddedServletContainer : Tomcat started on port(s): 9527 (http)
2019-12-05 20:39:52.002 - INFO  [           main] o.s.b.StartupInfoLogger        : Started ManageApplication in 4.695 seconds (JVM running for 5.758)
2019-12-05 20:40:09.217 - INFO  [nio-9527-exec-1] o.a.j.l.DirectJDKLog           : Initializing Spring FrameworkServlet 'dispatcherServlet'
2019-12-05 20:40:09.217 - INFO  [nio-9527-exec-1] o.s.w.s.FrameworkServlet       : FrameworkServlet 'dispatcherServlet': initialization started
2019-12-05 20:40:09.259 - INFO  [nio-9527-exec-1] o.s.w.s.FrameworkServlet       : FrameworkServlet 'dispatcherServlet': initialization completed in 41 ms
